#
# A fatal error has been detected by the Java Runtime Environment:
#
#  EXCEPTION_ACCESS_VIOLATION (0xc0000005) at pc=0x000000005e0b7a54, pid=10024, tid=12856
#
# JRE version: Java(TM) SE Runtime Environment (9.0+11) (build 9.0.4+11)
# Java VM: Java HotSpot(TM) 64-Bit Server VM (9.0.4+11, mixed mode, tiered, compressed oops, g1 gc, windows-amd64)
# Problematic frame:
# V  [jvm.dll+0x217a54]
#
# No core dump will be written. Minidumps are not enabled by default on client versions of Windows
#
# If you would like to submit a bug report, please visit:
#   http://bugreport.java.com/bugreport/crash.jsp
#

---------------  S U M M A R Y ------------

Command Line: -agentlib:jdwp=transport=dt_socket,suspend=y,address=localhost:54293 -Dfile.encoding=Cp1252 RV32I.rv32I2

Host: Intel(R) Core(TM) i5-8250U CPU @ 1.60GHz, 8 cores, 7G,  Windows 10 , 64 bit Build 17134 (10.0.17134.1)
Time: Mon Nov 26 18:04:17 2018 Rom, normaltid elapsed time: 2249 seconds (0d 0h 37m 29s)

---------------  T H R E A D  ---------------

Current thread (0x0000020719b8a000):  VMThread "VM Thread" [stack: 0x000000b146e00000,0x000000b146f00000] [id=12856]

Stack: [0x000000b146e00000,0x000000b146f00000],  sp=0x000000b146eff1d8,  free space=1020k
Native frames: (J=compiled Java code, j=interpreted, Vv=VM code, C=native code)
V  [jvm.dll+0x217a54]


siginfo: EXCEPTION_ACCESS_VIOLATION (0xc0000005), reading address 0x000002077fc361b8


Register to memory mapping:

RIP=0x000000005e0b7a54 jvm.dll
RAX=0x0000000000194180 is an unknown value
RBX=0x000002077faa00e0 is pointing into metadata
RCX=0x000002077faa2028 is pointing into metadata
RDX=0x000000000000ca0c is an unknown value
RSP=0x000000b146eff1d8 is an unknown value
RBP=0x0000000000000001 is an unknown value
RSI=0x000000b146eff490 is an unknown value
RDI=0x000000b146eff490 is an unknown value
R8 =0x0000000000000000 is an unknown value
R9 =0x000002077faa00e0 is pointing into metadata
R10=0x0000020719e198b8 is an unknown value
R11=0x0000020719e16670 is an unknown value
R12=0x000000b146eff601 is an unknown value
R13=0x0000000000000000 is an unknown value
R14=0x0000000000000001 is an unknown value
R15=0x00000000000016a8 is an unknown value


Registers:
RAX=0x0000000000194180, RBX=0x000002077faa00e0, RCX=0x000002077faa2028, RDX=0x000000000000ca0c
RSP=0x000000b146eff1d8, RBP=0x0000000000000001, RSI=0x000000b146eff490, RDI=0x000000b146eff490
R8 =0x0000000000000000, R9 =0x000002077faa00e0, R10=0x0000020719e198b8, R11=0x0000020719e16670
R12=0x000000b146eff601, R13=0x0000000000000000, R14=0x0000000000000001, R15=0x00000000000016a8
RIP=0x000000005e0b7a54, EFLAGS=0x0000000000010202

Top of Stack: (sp=0x000000b146eff1d8)
0x000000b146eff1d8:   000000005e193c73 0000000000000b37
0x000000b146eff1e8:   000000005e194019 0000020719e165f0
0x000000b146eff1f8:   000000005e19730b 000000b146eff490
0x000000b146eff208:   0000020719e16618 0000000046000b86
0x000000b146eff218:   000000005e19782f 000035bc4e9cabd0
0x000000b146eff228:   000000005e196a16 0000000000000091
0x000000b146eff238:   000000b146eff2d0 000000b146eff490
0x000000b146eff248:   000000005e195fe0 000000b146eff490
0x000000b146eff258:   0000000000000b8d 0000000000000001
0x000000b146eff268:   000000b146eff490 0000000000000b8d
0x000000b146eff278:   0000000000000090 00000000000016a8
0x000000b146eff288:   0000000000000b96 0000020719e16618
0x000000b146eff298:   000000005e19666e 000000b146eff490
0x000000b146eff2a8:   000000b146eff300 0000000000000091
0x000000b146eff2b8:   0000020719e16618 0000000000006001
0x000000b146eff2c8:   000000005e198571 000002077faa1de0 

Instructions: (pc=0x000000005e0b7a54)
0x000000005e0b7a34:   18 f7 d2 48 63 c2 48 c1 e0 05 48 8b 44 08 10 0f
0x000000005e0b7a44:   b7 c0 41 0f b7 44 c1 4a c3 48 63 c2 48 c1 e0 05
0x000000005e0b7a54:   48 8b 44 08 10 0f b7 d0 48 63 c2 41 0f b7 44 c1
0x000000005e0b7a64:   4a c3 49 8b 41 08 48 63 ca 0f b6 44 08 04 3c 12 


VM_Operation (0x000000b1479ff030): GetOrSetLocal, mode: safepoint, requested by thread 0x0000020719efa000


---------------  P R O C E S S  ---------------

Java Threads: ( => current thread )
  0x0000020719f08800 JavaThread "Service Thread" daemon [_thread_blocked, id=1940, stack(0x000000b147c00000,0x000000b147d00000)]
  0x0000020719efc000 JavaThread "JDWP Command Reader" daemon [_thread_in_native, id=8384, stack(0x000000b147b00000,0x000000b147c00000)]
  0x0000020719efb000 JavaThread "JDWP Event Helper Thread" daemon [_thread_blocked, id=6468, stack(0x000000b147a00000,0x000000b147b00000)]
  0x0000020719efa000 JavaThread "JDWP Transport Listener: dt_socket" daemon [_thread_blocked, id=19936, stack(0x000000b147900000,0x000000b147a00000)]
  0x0000020719dd2800 JavaThread "Common-Cleaner" daemon [_thread_blocked, id=19524, stack(0x000000b147800000,0x000000b147900000)]
  0x0000020719be5000 JavaThread "Sweeper thread" daemon [_thread_blocked, id=16972, stack(0x000000b147700000,0x000000b147800000)]
  0x0000020719bb8000 JavaThread "C1 CompilerThread3" daemon [_thread_blocked, id=18068, stack(0x000000b147600000,0x000000b147700000)]
  0x0000020719bb7000 JavaThread "C2 CompilerThread2" daemon [_thread_blocked, id=4240, stack(0x000000b147500000,0x000000b147600000)]
  0x0000020719bab000 JavaThread "C2 CompilerThread1" daemon [_thread_blocked, id=14520, stack(0x000000b147400000,0x000000b147500000)]
  0x0000020719ba7000 JavaThread "C2 CompilerThread0" daemon [_thread_blocked, id=18024, stack(0x000000b147300000,0x000000b147400000)]
  0x0000020719ba6000 JavaThread "Attach Listener" daemon [_thread_blocked, id=22908, stack(0x000000b147200000,0x000000b147300000)]
  0x0000020719b96800 JavaThread "Signal Dispatcher" daemon [_thread_blocked, id=10016, stack(0x000000b147100000,0x000000b147200000)]
  0x0000020719ba1800 JavaThread "Finalizer" daemon [_thread_blocked, id=11340, stack(0x000000b147000000,0x000000b147100000)]
  0x0000020719b8e800 JavaThread "Reference Handler" daemon [_thread_blocked, id=13952, stack(0x000000b146f00000,0x000000b147000000)]
  0x000002077993f000 JavaThread "main" [_thread_blocked, id=1004, stack(0x000000b145900000,0x000000b145a00000)]

Other Threads:
=>0x0000020719b8a000 VMThread "VM Thread" [stack: 0x000000b146e00000,0x000000b146f00000] [id=12856]
  0x0000020719f0e000 WatcherThread [stack: 0x000000b147d00000,0x000000b147e00000] [id=10312]
  0x0000020779957000 GCTaskThread "GC Thread#0" [stack: 0x000000b145a00000,0x000000b145b00000] [id=3184]
  0x0000020779958800 GCTaskThread "GC Thread#1" [stack: 0x000000b145b00000,0x000000b145c00000] [id=12808]
  0x000002077995b000 GCTaskThread "GC Thread#2" [stack: 0x000000b145c00000,0x000000b145d00000] [id=21208]
  0x0000020779961800 GCTaskThread "GC Thread#3" [stack: 0x000000b145d00000,0x000000b145e00000] [id=21360]
  0x0000020779969800 GCTaskThread "GC Thread#4" [stack: 0x000000b145e00000,0x000000b145f00000] [id=23184]
  0x0000020779968800 GCTaskThread "GC Thread#5" [stack: 0x000000b145f00000,0x000000b146000000] [id=19264]
  0x0000020779965800 GCTaskThread "GC Thread#6" [stack: 0x000000b146000000,0x000000b146100000] [id=14896]
  0x0000020779965000 GCTaskThread "GC Thread#7" [stack: 0x000000b146100000,0x000000b146200000] [id=3636]
  0x00000207799c7000 ConcurrentGCThread "G1 Main Marker" [stack: 0x000000b146b00000,0x000000b146c00000] [id=11476]
  0x000002077996a800 ConcurrentGCThread "G1 Marker#0" [stack: 0x000000b146c00000,0x000000b146d00000] [id=15324]
  0x0000020779968000 ConcurrentGCThread "G1 Marker#1" [stack: 0x000000b146d00000,0x000000b146e00000] [id=13868]
  0x0000020779994000 ConcurrentGCThread "G1 Refine#0" [stack: 0x000000b146900000,0x000000b146a00000] [id=22704]
  0x000002077998a000 ConcurrentGCThread "G1 Refine#1" [stack: 0x000000b146800000,0x000000b146900000] [id=19328]
  0x0000020779985000 ConcurrentGCThread "G1 Refine#2" [stack: 0x000000b146700000,0x000000b146800000] [id=23192]
  0x0000020779984800 ConcurrentGCThread "G1 Refine#3" [stack: 0x000000b146600000,0x000000b146700000] [id=11520]
  0x0000020779982800 ConcurrentGCThread "G1 Refine#4" [stack: 0x000000b146500000,0x000000b146600000] [id=15560]
  0x0000020779981000 ConcurrentGCThread "G1 Refine#5" [stack: 0x000000b146400000,0x000000b146500000] [id=11196]
  0x000002077997e800 ConcurrentGCThread "G1 Refine#6" [stack: 0x000000b146300000,0x000000b146400000] [id=9376]
  0x000002077997c000 ConcurrentGCThread "G1 Refine#7" [stack: 0x000000b146200000,0x000000b146300000] [id=9916]
  0x0000020779996800 ConcurrentGCThread "G1 Young RemSet Sampling" [stack: 0x000000b146a00000,0x000000b146b00000] [id=19968]

Threads with active compile tasks:

VM state:at safepoint (normal execution)

VM Mutex/Monitor currently owned by a thread:  ([mutex/lock_event])
[0x000002077993d970] Threads_lock - owner thread: 0x0000020719b8a000

Heap address: 0x0000000082e00000, size: 2002 MB, Compressed Oops mode: 32-bit
Narrow klass base: 0x0000000000000000, Narrow klass shift: 3
Compressed class space size: 1073741824 Address: 0x0000000100000000

Heap:
 garbage-first heap   total 129024K, used 6144K [0x0000000082e00000, 0x0000000082f003f0, 0x0000000100000000)
  region size 1024K, 3 young (3072K), 0 survivors (0K)
 Metaspace       used 4905K, capacity 4968K, committed 5120K, reserved 1056768K
  class space    used 478K, capacity 503K, committed 512K, reserved 1048576K
Heap Regions: E=young(eden), S=young(survivor), O=old, HS=humongous(starts), HC=humongous(continues), CS=collection set, F=free, A=archive, TS=gc time stamp, AC=allocation context, TAMS=top-at-mark-start (previous, next)
|   0|0x0000000082e00000, 0x0000000082f00000, 0x0000000082f00000|100%|HS|  |TS  0|AC  0|TAMS 0x0000000082e00000, 0x0000000082e00000|
|   1|0x0000000082f00000, 0x0000000083000000, 0x0000000083000000|100%|HC|  |TS  0|AC  0|TAMS 0x0000000082f00000, 0x0000000082f00000|
|   2|0x0000000083000000, 0x0000000083100000, 0x0000000083100000|100%|HC|  |TS  0|AC  0|TAMS 0x0000000083000000, 0x0000000083000000|
|   3|0x0000000083100000, 0x0000000083200000, 0x0000000083200000|100%|HC|  |TS  0|AC  0|TAMS 0x0000000083100000, 0x0000000083100000|
|   4|0x0000000083200000, 0x0000000083200000, 0x0000000083300000|  0%| F|  |TS  0|AC  0|TAMS 0x0000000083200000, 0x0000000083200000|
|   5|0x0000000083300000, 0x0000000083300000, 0x0000000083400000|  0%| F|  |TS  0|AC  0|TAMS 0x0000000083300000, 0x0000000083300000|
|   6|0x0000000083400000, 0x0000000083400000, 0x0000000083500000|  0%| F|  |TS  0|AC  0|TAMS 0x0000000083400000, 0x0000000083400000|
|   7|0x0000000083500000, 0x0000000083500000, 0x0000000083600000|  0%| F|  |TS  0|AC  0|TAMS 0x0000000083500000, 0x0000000083500000|
|   8|0x0000000083600000, 0x0000000083600000, 0x0000000083700000|  0%| F|  |TS  0|AC  0|TAMS 0x0000000083600000, 0x0000000083600000|
|   9|0x0000000083700000, 0x0000000083700000, 0x0000000083800000|  0%| F|  |TS  0|AC  0|TAMS 0x0000000083700000, 0x0000000083700000|
|  10|0x0000000083800000, 0x0000000083800000, 0x0000000083900000|  0%| F|  |TS  0|AC  0|TAMS 0x0000000083800000, 0x0000000083800000|
|  11|0x0000000083900000, 0x0000000083900000, 0x0000000083a00000|  0%| F|  |TS  0|AC  0|TAMS 0x0000000083900000, 0x0000000083900000|
|  12|0x0000000083a00000, 0x0000000083a00000, 0x0000000083b00000|  0%| F|  |TS  0|AC  0|TAMS 0x0000000083a00000, 0x0000000083a00000|
|  13|0x0000000083b00000, 0x0000000083b00000, 0x0000000083c00000|  0%| F|  |TS  0|AC  0|TAMS 0x0000000083b00000, 0x0000000083b00000|
|  14|0x0000000083c00000, 0x0000000083c00000, 0x0000000083d00000|  0%| F|  |TS  0|AC  0|TAMS 0x0000000083c00000, 0x0000000083c00000|
|  15|0x0000000083d00000, 0x0000000083d00000, 0x0000000083e00000|  0%| F|  |TS  0|AC  0|TAMS 0x0000000083d00000, 0x0000000083d00000|
|  16|0x0000000083e00000, 0x0000000083e00000, 0x0000000083f00000|  0%| F|  |TS  0|AC  0|TAMS 0x0000000083e00000, 0x0000000083e00000|
|  17|0x0000000083f00000, 0x0000000083f00000, 0x0000000084000000|  0%| F|  |TS  0|AC  0|TAMS 0x0000000083f00000, 0x0000000083f00000|
|  18|0x0000000084000000, 0x0000000084000000, 0x0000000084100000|  0%| F|  |TS  0|AC  0|TAMS 0x0000000084000000, 0x0000000084000000|
|  19|0x0000000084100000, 0x0000000084100000, 0x0000000084200000|  0%| F|  |TS  0|AC  0|TAMS 0x0000000084100000, 0x0000000084100000|
|  20|0x0000000084200000, 0x0000000084200000, 0x0000000084300000|  0%| F|  |TS  0|AC  0|TAMS 0x0000000084200000, 0x0000000084200000|
|  21|0x0000000084300000, 0x0000000084300000, 0x0000000084400000|  0%| F|  |TS  0|AC  0|TAMS 0x0000000084300000, 0x0000000084300000|
|  22|0x0000000084400000, 0x0000000084400000, 0x0000000084500000|  0%| F|  |TS  0|AC  0|TAMS 0x0000000084400000, 0x0000000084400000|
|  23|0x0000000084500000, 0x0000000084500000, 0x0000000084600000|  0%| F|  |TS  0|AC  0|TAMS 0x0000000084500000, 0x0000000084500000|
|  24|0x0000000084600000, 0x0000000084600000, 0x0000000084700000|  0%| F|  |TS  0|AC  0|TAMS 0x0000000084600000, 0x0000000084600000|
|  25|0x0000000084700000, 0x0000000084700000, 0x0000000084800000|  0%| F|  |TS  0|AC  0|TAMS 0x0000000084700000, 0x0000000084700000|
|  26|0x0000000084800000, 0x0000000084800000, 0x0000000084900000|  0%| F|  |TS  0|AC  0|TAMS 0x0000000084800000, 0x0000000084800000|
|  27|0x0000000084900000, 0x0000000084900000, 0x0000000084a00000|  0%| F|  |TS  0|AC  0|TAMS 0x0000000084900000, 0x0000000084900000|
|  28|0x0000000084a00000, 0x0000000084a00000, 0x0000000084b00000|  0%| F|  |TS  0|AC  0|TAMS 0x0000000084a00000, 0x0000000084a00000|
|  29|0x0000000084b00000, 0x0000000084b00000, 0x0000000084c00000|  0%| F|  |TS  0|AC  0|TAMS 0x0000000084b00000, 0x0000000084b00000|
|  30|0x0000000084c00000, 0x0000000084c00000, 0x0000000084d00000|  0%| F|  |TS  0|AC  0|TAMS 0x0000000084c00000, 0x0000000084c00000|
|  31|0x0000000084d00000, 0x0000000084d00000, 0x0000000084e00000|  0%| F|  |TS  0|AC  0|TAMS 0x0000000084d00000, 0x0000000084d00000|
|  32|0x0000000084e00000, 0x0000000084e00000, 0x0000000084f00000|  0%| F|  |TS  0|AC  0|TAMS 0x0000000084e00000, 0x0000000084e00000|
|  33|0x0000000084f00000, 0x0000000084f00000, 0x0000000085000000|  0%| F|  |TS  0|AC  0|TAMS 0x0000000084f00000, 0x0000000084f00000|
|  34|0x0000000085000000, 0x0000000085000000, 0x0000000085100000|  0%| F|  |TS  0|AC  0|TAMS 0x0000000085000000, 0x0000000085000000|
|  35|0x0000000085100000, 0x0000000085100000, 0x0000000085200000|  0%| F|  |TS  0|AC  0|TAMS 0x0000000085100000, 0x0000000085100000|
|  36|0x0000000085200000, 0x0000000085200000, 0x0000000085300000|  0%| F|  |TS  0|AC  0|TAMS 0x0000000085200000, 0x0000000085200000|
|  37|0x0000000085300000, 0x0000000085300000, 0x0000000085400000|  0%| F|  |TS  0|AC  0|TAMS 0x0000000085300000, 0x0000000085300000|
|  38|0x0000000085400000, 0x0000000085400000, 0x0000000085500000|  0%| F|  |TS  0|AC  0|TAMS 0x0000000085400000, 0x0000000085400000|
|  39|0x0000000085500000, 0x0000000085500000, 0x0000000085600000|  0%| F|  |TS  0|AC  0|TAMS 0x0000000085500000, 0x0000000085500000|
|  40|0x0000000085600000, 0x0000000085600000, 0x0000000085700000|  0%| F|  |TS  0|AC  0|TAMS 0x0000000085600000, 0x0000000085600000|
|  41|0x0000000085700000, 0x0000000085700000, 0x0000000085800000|  0%| F|  |TS  0|AC  0|TAMS 0x0000000085700000, 0x0000000085700000|
|  42|0x0000000085800000, 0x0000000085800000, 0x0000000085900000|  0%| F|  |TS  0|AC  0|TAMS 0x0000000085800000, 0x0000000085800000|
|  43|0x0000000085900000, 0x0000000085900000, 0x0000000085a00000|  0%| F|  |TS  0|AC  0|TAMS 0x0000000085900000, 0x0000000085900000|
|  44|0x0000000085a00000, 0x0000000085a00000, 0x0000000085b00000|  0%| F|  |TS  0|AC  0|TAMS 0x0000000085a00000, 0x0000000085a00000|
|  45|0x0000000085b00000, 0x0000000085b00000, 0x0000000085c00000|  0%| F|  |TS  0|AC  0|TAMS 0x0000000085b00000, 0x0000000085b00000|
|  46|0x0000000085c00000, 0x0000000085c00000, 0x0000000085d00000|  0%| F|  |TS  0|AC  0|TAMS 0x0000000085c00000, 0x0000000085c00000|
|  47|0x0000000085d00000, 0x0000000085d00000, 0x0000000085e00000|  0%| F|  |TS  0|AC  0|TAMS 0x0000000085d00000, 0x0000000085d00000|
|  48|0x0000000085e00000, 0x0000000085e00000, 0x0000000085f00000|  0%| F|  |TS  0|AC  0|TAMS 0x0000000085e00000, 0x0000000085e00000|
|  49|0x0000000085f00000, 0x0000000085f00000, 0x0000000086000000|  0%| F|  |TS  0|AC  0|TAMS 0x0000000085f00000, 0x0000000085f00000|
|  50|0x0000000086000000, 0x0000000086000000, 0x0000000086100000|  0%| F|  |TS  0|AC  0|TAMS 0x0000000086000000, 0x0000000086000000|
|  51|0x0000000086100000, 0x0000000086100000, 0x0000000086200000|  0%| F|  |TS  0|AC  0|TAMS 0x0000000086100000, 0x0000000086100000|
|  52|0x0000000086200000, 0x0000000086200000, 0x0000000086300000|  0%| F|  |TS  0|AC  0|TAMS 0x0000000086200000, 0x0000000086200000|
|  53|0x0000000086300000, 0x0000000086300000, 0x0000000086400000|  0%| F|  |TS  0|AC  0|TAMS 0x0000000086300000, 0x0000000086300000|
|  54|0x0000000086400000, 0x0000000086400000, 0x0000000086500000|  0%| F|  |TS  0|AC  0|TAMS 0x0000000086400000, 0x0000000086400000|
|  55|0x0000000086500000, 0x0000000086500000, 0x0000000086600000|  0%| F|  |TS  0|AC  0|TAMS 0x0000000086500000, 0x0000000086500000|
|  56|0x0000000086600000, 0x0000000086600000, 0x0000000086700000|  0%| F|  |TS  0|AC  0|TAMS 0x0000000086600000, 0x0000000086600000|
|  57|0x0000000086700000, 0x0000000086700000, 0x0000000086800000|  0%| F|  |TS  0|AC  0|TAMS 0x0000000086700000, 0x0000000086700000|
|  58|0x0000000086800000, 0x0000000086800000, 0x0000000086900000|  0%| F|  |TS  0|AC  0|TAMS 0x0000000086800000, 0x0000000086800000|
|  59|0x0000000086900000, 0x0000000086900000, 0x0000000086a00000|  0%| F|  |TS  0|AC  0|TAMS 0x0000000086900000, 0x0000000086900000|
|  60|0x0000000086a00000, 0x0000000086a00000, 0x0000000086b00000|  0%| F|  |TS  0|AC  0|TAMS 0x0000000086a00000, 0x0000000086a00000|
|  61|0x0000000086b00000, 0x0000000086b00000, 0x0000000086c00000|  0%| F|  |TS  0|AC  0|TAMS 0x0000000086b00000, 0x0000000086b00000|
|  62|0x0000000086c00000, 0x0000000086c00000, 0x0000000086d00000|  0%| F|  |TS  0|AC  0|TAMS 0x0000000086c00000, 0x0000000086c00000|
|  63|0x0000000086d00000, 0x0000000086d00000, 0x0000000086e00000|  0%| F|  |TS  0|AC  0|TAMS 0x0000000086d00000, 0x0000000086d00000|
|  64|0x0000000086e00000, 0x0000000086e00000, 0x0000000086f00000|  0%| F|  |TS  0|AC  0|TAMS 0x0000000086e00000, 0x0000000086e00000|
|  65|0x0000000086f00000, 0x0000000086f00000, 0x0000000087000000|  0%| F|  |TS  0|AC  0|TAMS 0x0000000086f00000, 0x0000000086f00000|
|  66|0x0000000087000000, 0x0000000087000000, 0x0000000087100000|  0%| F|  |TS  0|AC  0|TAMS 0x0000000087000000, 0x0000000087000000|
|  67|0x0000000087100000, 0x0000000087100000, 0x0000000087200000|  0%| F|  |TS  0|AC  0|TAMS 0x0000000087100000, 0x0000000087100000|
|  68|0x0000000087200000, 0x0000000087200000, 0x0000000087300000|  0%| F|  |TS  0|AC  0|TAMS 0x0000000087200000, 0x0000000087200000|
|  69|0x0000000087300000, 0x0000000087300000, 0x0000000087400000|  0%| F|  |TS  0|AC  0|TAMS 0x0000000087300000, 0x0000000087300000|
|  70|0x0000000087400000, 0x0000000087400000, 0x0000000087500000|  0%| F|  |TS  0|AC  0|TAMS 0x0000000087400000, 0x0000000087400000|
|  71|0x0000000087500000, 0x0000000087500000, 0x0000000087600000|  0%| F|  |TS  0|AC  0|TAMS 0x0000000087500000, 0x0000000087500000|
|  72|0x0000000087600000, 0x0000000087600000, 0x0000000087700000|  0%| F|  |TS  0|AC  0|TAMS 0x0000000087600000, 0x0000000087600000|
|  73|0x0000000087700000, 0x0000000087700000, 0x0000000087800000|  0%| F|  |TS  0|AC  0|TAMS 0x0000000087700000, 0x0000000087700000|
|  74|0x0000000087800000, 0x0000000087800000, 0x0000000087900000|  0%| F|  |TS  0|AC  0|TAMS 0x0000000087800000, 0x0000000087800000|
|  75|0x0000000087900000, 0x0000000087900000, 0x0000000087a00000|  0%| F|  |TS  0|AC  0|TAMS 0x0000000087900000, 0x0000000087900000|
|  76|0x0000000087a00000, 0x0000000087a00000, 0x0000000087b00000|  0%| F|  |TS  0|AC  0|TAMS 0x0000000087a00000, 0x0000000087a00000|
|  77|0x0000000087b00000, 0x0000000087b00000, 0x0000000087c00000|  0%| F|  |TS  0|AC  0|TAMS 0x0000000087b00000, 0x0000000087b00000|
|  78|0x0000000087c00000, 0x0000000087c00000, 0x0000000087d00000|  0%| F|  |TS  0|AC  0|TAMS 0x0000000087c00000, 0x0000000087c00000|
|  79|0x0000000087d00000, 0x0000000087d00000, 0x0000000087e00000|  0%| F|  |TS  0|AC  0|TAMS 0x0000000087d00000, 0x0000000087d00000|
|  80|0x0000000087e00000, 0x0000000087e00000, 0x0000000087f00000|  0%| F|  |TS  0|AC  0|TAMS 0x0000000087e00000, 0x0000000087e00000|
|  81|0x0000000087f00000, 0x0000000087f00000, 0x0000000088000000|  0%| F|  |TS  0|AC  0|TAMS 0x0000000087f00000, 0x0000000087f00000|
|  82|0x0000000088000000, 0x0000000088000000, 0x0000000088100000|  0%| F|  |TS  0|AC  0|TAMS 0x0000000088000000, 0x0000000088000000|
|  83|0x0000000088100000, 0x0000000088100000, 0x0000000088200000|  0%| F|  |TS  0|AC  0|TAMS 0x0000000088100000, 0x0000000088100000|
|  84|0x0000000088200000, 0x0000000088200000, 0x0000000088300000|  0%| F|  |TS  0|AC  0|TAMS 0x0000000088200000, 0x0000000088200000|
|  85|0x0000000088300000, 0x0000000088300000, 0x0000000088400000|  0%| F|  |TS  0|AC  0|TAMS 0x0000000088300000, 0x0000000088300000|
|  86|0x0000000088400000, 0x0000000088400000, 0x0000000088500000|  0%| F|  |TS  0|AC  0|TAMS 0x0000000088400000, 0x0000000088400000|
|  87|0x0000000088500000, 0x0000000088500000, 0x0000000088600000|  0%| F|  |TS  0|AC  0|TAMS 0x0000000088500000, 0x0000000088500000|
|  88|0x0000000088600000, 0x0000000088600000, 0x0000000088700000|  0%| F|  |TS  0|AC  0|TAMS 0x0000000088600000, 0x0000000088600000|
|  89|0x0000000088700000, 0x0000000088700000, 0x0000000088800000|  0%| F|  |TS  0|AC  0|TAMS 0x0000000088700000, 0x0000000088700000|
|  90|0x0000000088800000, 0x0000000088800000, 0x0000000088900000|  0%| F|  |TS  0|AC  0|TAMS 0x0000000088800000, 0x0000000088800000|
|  91|0x0000000088900000, 0x0000000088900000, 0x0000000088a00000|  0%| F|  |TS  0|AC  0|TAMS 0x0000000088900000, 0x0000000088900000|
|  92|0x0000000088a00000, 0x0000000088a00000, 0x0000000088b00000|  0%| F|  |TS  0|AC  0|TAMS 0x0000000088a00000, 0x0000000088a00000|
|  93|0x0000000088b00000, 0x0000000088b00000, 0x0000000088c00000|  0%| F|  |TS  0|AC  0|TAMS 0x0000000088b00000, 0x0000000088b00000|
|  94|0x0000000088c00000, 0x0000000088c00000, 0x0000000088d00000|  0%| F|  |TS  0|AC  0|TAMS 0x0000000088c00000, 0x0000000088c00000|
|  95|0x0000000088d00000, 0x0000000088d00000, 0x0000000088e00000|  0%| F|  |TS  0|AC  0|TAMS 0x0000000088d00000, 0x0000000088d00000|
|  96|0x0000000088e00000, 0x0000000088e00000, 0x0000000088f00000|  0%| F|  |TS  0|AC  0|TAMS 0x0000000088e00000, 0x0000000088e00000|
|  97|0x0000000088f00000, 0x0000000088f00000, 0x0000000089000000|  0%| F|  |TS  0|AC  0|TAMS 0x0000000088f00000, 0x0000000088f00000|
|  98|0x0000000089000000, 0x0000000089000000, 0x0000000089100000|  0%| F|  |TS  0|AC  0|TAMS 0x0000000089000000, 0x0000000089000000|
|  99|0x0000000089100000, 0x0000000089100000, 0x0000000089200000|  0%| F|  |TS  0|AC  0|TAMS 0x0000000089100000, 0x0000000089100000|
| 100|0x0000000089200000, 0x0000000089200000, 0x0000000089300000|  0%| F|  |TS  0|AC  0|TAMS 0x0000000089200000, 0x0000000089200000|
| 101|0x0000000089300000, 0x0000000089300000, 0x0000000089400000|  0%| F|  |TS  0|AC  0|TAMS 0x0000000089300000, 0x0000000089300000|
| 102|0x0000000089400000, 0x0000000089400000, 0x0000000089500000|  0%| F|  |TS  0|AC  0|TAMS 0x0000000089400000, 0x0000000089400000|
| 103|0x0000000089500000, 0x0000000089500000, 0x0000000089600000|  0%| F|  |TS  0|AC  0|TAMS 0x0000000089500000, 0x0000000089500000|
| 104|0x0000000089600000, 0x0000000089600000, 0x0000000089700000|  0%| F|  |TS  0|AC  0|TAMS 0x0000000089600000, 0x0000000089600000|
| 105|0x0000000089700000, 0x0000000089700000, 0x0000000089800000|  0%| F|  |TS  0|AC  0|TAMS 0x0000000089700000, 0x0000000089700000|
| 106|0x0000000089800000, 0x0000000089800000, 0x0000000089900000|  0%| F|  |TS  0|AC  0|TAMS 0x0000000089800000, 0x0000000089800000|
| 107|0x0000000089900000, 0x0000000089900000, 0x0000000089a00000|  0%| F|  |TS  0|AC  0|TAMS 0x0000000089900000, 0x0000000089900000|
| 108|0x0000000089a00000, 0x0000000089a00000, 0x0000000089b00000|  0%| F|  |TS  0|AC  0|TAMS 0x0000000089a00000, 0x0000000089a00000|
| 109|0x0000000089b00000, 0x0000000089b00000, 0x0000000089c00000|  0%| F|  |TS  0|AC  0|TAMS 0x0000000089b00000, 0x0000000089b00000|
| 110|0x0000000089c00000, 0x0000000089c00000, 0x0000000089d00000|  0%| F|  |TS  0|AC  0|TAMS 0x0000000089c00000, 0x0000000089c00000|
| 111|0x0000000089d00000, 0x0000000089d00000, 0x0000000089e00000|  0%| F|  |TS  0|AC  0|TAMS 0x0000000089d00000, 0x0000000089d00000|
| 112|0x0000000089e00000, 0x0000000089e00000, 0x0000000089f00000|  0%| F|  |TS  0|AC  0|TAMS 0x0000000089e00000, 0x0000000089e00000|
| 113|0x0000000089f00000, 0x0000000089f00000, 0x000000008a000000|  0%| F|  |TS  0|AC  0|TAMS 0x0000000089f00000, 0x0000000089f00000|
| 114|0x000000008a000000, 0x000000008a000000, 0x000000008a100000|  0%| F|  |TS  0|AC  0|TAMS 0x000000008a000000, 0x000000008a000000|
| 115|0x000000008a100000, 0x000000008a100000, 0x000000008a200000|  0%| F|  |TS  0|AC  0|TAMS 0x000000008a100000, 0x000000008a100000|
| 116|0x000000008a200000, 0x000000008a200000, 0x000000008a300000|  0%| F|  |TS  0|AC  0|TAMS 0x000000008a200000, 0x000000008a200000|
| 117|0x000000008a300000, 0x000000008a300000, 0x000000008a400000|  0%| F|  |TS  0|AC  0|TAMS 0x000000008a300000, 0x000000008a300000|
| 118|0x000000008a400000, 0x000000008a400000, 0x000000008a500000|  0%| F|  |TS  0|AC  0|TAMS 0x000000008a400000, 0x000000008a400000|
| 119|0x000000008a500000, 0x000000008a500000, 0x000000008a600000|  0%| F|  |TS  0|AC  0|TAMS 0x000000008a500000, 0x000000008a500000|
| 120|0x000000008a600000, 0x000000008a600000, 0x000000008a700000|  0%| F|  |TS  0|AC  0|TAMS 0x000000008a600000, 0x000000008a600000|
| 121|0x000000008a700000, 0x000000008a700000, 0x000000008a800000|  0%| F|  |TS  0|AC  0|TAMS 0x000000008a700000, 0x000000008a700000|
| 122|0x000000008a800000, 0x000000008a800000, 0x000000008a900000|  0%| F|  |TS  0|AC  0|TAMS 0x000000008a800000, 0x000000008a800000|
| 123|0x000000008a900000, 0x000000008a97b668, 0x000000008aa00000| 48%| E|  |TS  0|AC  0|TAMS 0x000000008a900000, 0x000000008a900000|
| 124|0x000000008aa00000, 0x000000008ab00000, 0x000000008ab00000|100%| E|CS|TS  0|AC  0|TAMS 0x000000008aa00000, 0x000000008aa00000|
| 125|0x000000008ab00000, 0x000000008ac00000, 0x000000008ac00000|100%| E|CS|TS  0|AC  0|TAMS 0x000000008ab00000, 0x000000008ab00000|

Card table byte_map: [0x000002077c5e0000,0x000002077c9d0000] byte_map_base: 0x000002077c1c9000

Marking Bits (Prev, Next): (CMBitMap*) 0x000002077ed531e0, (CMBitMap*) 0x000002077ed53218
 Prev Bits: [0x000002077cdc0000, 0x000002077ed08000)
 Next Bits: [0x0000020715b40000, 0x0000020717a88000)

Polling page: 0x00000207798f0000

CodeHeap 'non-profiled nmethods': size=120000Kb used=47Kb max_used=47Kb free=119952Kb
 bounds [0x000002070e610000, 0x000002070e880000, 0x0000020715b40000]
CodeHeap 'profiled nmethods': size=120000Kb used=148Kb max_used=155Kb free=119852Kb
 bounds [0x00000207070e0000, 0x0000020707350000, 0x000002070e610000]
CodeHeap 'non-nmethods': size=5760Kb used=1181Kb max_used=1181Kb free=4579Kb
 bounds [0x0000020706b40000, 0x0000020706db0000, 0x00000207070e0000]
 total_blobs=508 nmethods=132 adapters=231
 compilation: enabled

Compilation events (10 events):
Event: 0.259 Thread 0x0000020719bb8000  115       3       java.util.Arrays::copyOfRange (64 bytes)
Event: 0.260 Thread 0x0000020719bb8000 nmethod 115 0x0000020707104790 code [0x0000020707104a40, 0x0000020707105840]
Event: 0.260 Thread 0x0000020719bb8000  116       3       java.lang.StringLatin1::newString (17 bytes)
Event: 0.260 Thread 0x0000020719bb8000 nmethod 116 0x0000020707105c90 code [0x0000020707105e60, 0x0000020707106170]
Event: 0.267 Thread 0x0000020719bb8000  117       3       java.lang.AbstractStringBuilder::putStringAt (29 bytes)
Event: 0.267 Thread 0x0000020719bb8000 nmethod 117 0x0000020707106290 code [0x0000020707106460, 0x0000020707106920]
Event: 0.267 Thread 0x0000020719bb8000  118       3       java.lang.AbstractStringBuilder::getCoder (15 bytes)
Event: 0.267 Thread 0x0000020719bb8000 nmethod 118 0x0000020707106a90 code [0x0000020707106c40, 0x0000020707106db8]
Event: 0.268 Thread 0x0000020719bb8000  119       1       java.util.concurrent.ConcurrentHashMap::spread (10 bytes)
Event: 0.268 Thread 0x0000020719bb8000 nmethod 119 0x000002070e619390 code [0x000002070e619520, 0x000002070e619618]

GC Heap History (0 events):
No events

Deoptimization events (0 events):
No events

Classes redefined (7 events):
Event: 1790.719 Thread 0x0000020719b8a000 redefined class name=RV32I.BinaryFileToHex, count=1
Event: 1799.176 Thread 0x0000020719b8a000 redefined class name=RV32I.rv32I2, count=1
Event: 1901.398 Thread 0x0000020719b8a000 redefined class name=RV32I.BinaryFileToHex, count=2
Event: 1933.780 Thread 0x0000020719b8a000 redefined class name=RV32I.BinaryFileToHex, count=3
Event: 1945.265 Thread 0x0000020719b8a000 redefined class name=RV32I.BinaryFileToHex, count=4
Event: 1973.282 Thread 0x0000020719b8a000 redefined class name=RV32I.BinaryFileToHex, count=5
Event: 2205.375 Thread 0x0000020719b8a000 redefined class name=RV32I.rv32I2, count=2

Internal exceptions (1 events):
Event: 0.253 Thread 0x000002077993f000 Exception <a 'java/io/FileNotFoundException'{0x000000008aa57b30}> (0x000000008aa57b30) thrown at [t:/workspace/hotspot/src/share/vm/prims/jni.cpp, line 604]

Events (10 events):
Event: 2205.473 Executing VM operation: GetCurrentContendedMonitor done
Event: 2209.067 Executing VM operation: GetCurrentContendedMonitor
Event: 2209.067 Executing VM operation: GetCurrentContendedMonitor done
Event: 2209.068 Executing VM operation: GetOwnedMonitorInfo
Event: 2209.068 Executing VM operation: GetOwnedMonitorInfo done
Event: 2209.590 Executing VM operation: GetCurrentContendedMonitor
Event: 2209.590 Executing VM operation: GetCurrentContendedMonitor done
Event: 2209.590 Executing VM operation: GetOwnedMonitorInfo
Event: 2209.590 Executing VM operation: GetOwnedMonitorInfo done
Event: 2249.477 Executing VM operation: GetOrSetLocal


Dynamic libraries:
0x00007ff70e470000 - 0x00007ff70e4ae000 	C:\Program Files\Java\jre-9.0.4\bin\javaw.exe
0x00007ffd32e50000 - 0x00007ffd33031000 	C:\WINDOWS\SYSTEM32\ntdll.dll
0x00007ffd318b0000 - 0x00007ffd31962000 	C:\WINDOWS\System32\KERNEL32.DLL
0x00007ffd2f440000 - 0x00007ffd2f6b3000 	C:\WINDOWS\System32\KERNELBASE.dll
0x00007ffd32670000 - 0x00007ffd32711000 	C:\WINDOWS\System32\ADVAPI32.dll
0x00007ffd31e20000 - 0x00007ffd31ebe000 	C:\WINDOWS\System32\msvcrt.dll
0x00007ffd30410000 - 0x00007ffd3046b000 	C:\WINDOWS\System32\sechost.dll
0x00007ffd32540000 - 0x00007ffd32664000 	C:\WINDOWS\System32\RPCRT4.dll
0x00007ffd31980000 - 0x00007ffd31b10000 	C:\WINDOWS\System32\USER32.dll
0x00007ffd30070000 - 0x00007ffd30090000 	C:\WINDOWS\System32\win32u.dll
0x00007ffd302f0000 - 0x00007ffd30318000 	C:\WINDOWS\System32\GDI32.dll
0x00007ffd30140000 - 0x00007ffd302d2000 	C:\WINDOWS\System32\gdi32full.dll
0x00007ffd2f220000 - 0x00007ffd2f2bf000 	C:\WINDOWS\System32\msvcp_win.dll
0x00007ffd2f340000 - 0x00007ffd2f43a000 	C:\WINDOWS\System32\ucrtbase.dll
0x00007ffd1f080000 - 0x00007ffd1f2e9000 	C:\WINDOWS\WinSxS\amd64_microsoft.windows.common-controls_6595b64144ccf1df_6.0.17134.407_none_fb449d63306391e9\COMCTL32.dll
0x00007ffd1ed30000 - 0x00007ffd1ed3a000 	C:\WINDOWS\SYSTEM32\VERSION.dll
0x00007ffd329e0000 - 0x00007ffd32d02000 	C:\WINDOWS\System32\combase.dll
0x00007ffd2f2c0000 - 0x00007ffd2f33a000 	C:\WINDOWS\System32\bcryptPrimitives.dll
0x00007ffd31d60000 - 0x00007ffd31d8d000 	C:\WINDOWS\System32\IMM32.DLL
0x00007ffcffdd0000 - 0x00007ffcffebf000 	C:\Program Files\Java\jre-9.0.4\bin\msvcr120.dll
0x00007ffd16350000 - 0x00007ffd163f6000 	C:\Program Files\Java\jre-9.0.4\bin\msvcp120.dll
0x000000005dea0000 - 0x000000005e8c5000 	C:\Program Files\Java\jre-9.0.4\bin\server\jvm.dll
0x00007ffd302e0000 - 0x00007ffd302e8000 	C:\WINDOWS\System32\PSAPI.DLL
0x00007ffd20d40000 - 0x00007ffd20d49000 	C:\WINDOWS\SYSTEM32\WSOCK32.dll
0x00007ffd299b0000 - 0x00007ffd299d3000 	C:\WINDOWS\SYSTEM32\WINMM.dll
0x00007ffd31db0000 - 0x00007ffd31e1c000 	C:\WINDOWS\System32\WS2_32.dll
0x00007ffd29980000 - 0x00007ffd299aa000 	C:\WINDOWS\SYSTEM32\WINMMBASE.dll
0x00007ffd2f720000 - 0x00007ffd2f769000 	C:\WINDOWS\System32\cfgmgr32.dll
0x00007ffd29d70000 - 0x00007ffd29d7f000 	C:\Program Files\Java\jre-9.0.4\bin\verify.dll
0x00007ffd29d40000 - 0x00007ffd29d67000 	C:\Program Files\Java\jre-9.0.4\bin\java.dll
0x00007ffd103d0000 - 0x00007ffd10406000 	C:\Program Files\Java\jre-9.0.4\bin\jdwp.dll
0x00007ffd29b00000 - 0x00007ffd29b16000 	C:\Program Files\Java\jre-9.0.4\bin\zip.dll
0x00007ffd29d30000 - 0x00007ffd29d3a000 	C:\Program Files\Java\jre-9.0.4\bin\jimage.dll
0x00007ffd30470000 - 0x00007ffd318af000 	C:\WINDOWS\System32\SHELL32.dll
0x00007ffd32d70000 - 0x00007ffd32e19000 	C:\WINDOWS\System32\shcore.dll
0x00007ffd2f770000 - 0x00007ffd2fe7d000 	C:\WINDOWS\System32\windows.storage.dll
0x00007ffd32880000 - 0x00007ffd328d1000 	C:\WINDOWS\System32\shlwapi.dll
0x00007ffd2f180000 - 0x00007ffd2f191000 	C:\WINDOWS\System32\kernel.appcore.dll
0x00007ffd2f1f0000 - 0x00007ffd2f20f000 	C:\WINDOWS\System32\profapi.dll
0x00007ffd2f1a0000 - 0x00007ffd2f1ec000 	C:\WINDOWS\System32\powrprof.dll
0x00007ffd2f210000 - 0x00007ffd2f21a000 	C:\WINDOWS\System32\FLTLIB.DLL
0x00007ffd291b0000 - 0x00007ffd291ca000 	C:\Program Files\Java\jre-9.0.4\bin\net.dll
0x00007ffd2cdc0000 - 0x00007ffd2ce9c000 	C:\WINDOWS\SYSTEM32\WINHTTP.dll
0x00007ffd2e9e0000 - 0x00007ffd2ea46000 	C:\WINDOWS\system32\mswsock.dll
0x00007ffd29150000 - 0x00007ffd29161000 	C:\Program Files\Java\jre-9.0.4\bin\nio.dll
0x00007ffd28070000 - 0x00007ffd2807a000 	C:\Program Files\Java\jre-9.0.4\bin\dt_socket.dll
0x00007ffd2e7a0000 - 0x00007ffd2e85e000 	C:\WINDOWS\SYSTEM32\DNSAPI.dll
0x00007ffd324b0000 - 0x00007ffd324b8000 	C:\WINDOWS\System32\NSI.dll
0x00007ffd2e760000 - 0x00007ffd2e798000 	C:\WINDOWS\SYSTEM32\IPHLPAPI.DLL
0x00007ffd23200000 - 0x00007ffd23272000 	C:\WINDOWS\System32\fwpuclnt.dll
0x00007ffd2ecc0000 - 0x00007ffd2ece5000 	C:\WINDOWS\SYSTEM32\bcrypt.dll
0x00007ffd23020000 - 0x00007ffd2302a000 	C:\Windows\System32\rasadhlp.dll
0x00007ffd2dbb0000 - 0x00007ffd2dd79000 	C:\WINDOWS\SYSTEM32\dbghelp.dll

VM Arguments:
jvm_args: -agentlib:jdwp=transport=dt_socket,suspend=y,address=localhost:54293 -Dfile.encoding=Cp1252 
java_command: RV32I.rv32I2
java_class_path (initial): C:\Users\clara\git\RISCV-simulator\RiscV-simulator\bin
Launcher Type: SUN_STANDARD

Logging:
Log output configuration:
#0: stdout all=warning uptime,level,tags
#1: stderr all=off uptime,level,tags

Environment Variables:
PATH=C:\ProgramData\Oracle\Java\javapath;C:\Program Files (x86)\Intel\iCLS Client\;C:\Program Files\Intel\iCLS Client\;C:\WINDOWS\system32;C:\WINDOWS;C:\WINDOWS\System32\Wbem;C:\WINDOWS\System32\WindowsPowerShell\v1.0\;C:\Program Files (x86)\Intel\Intel(R) Management Engine Components\DAL;C:\Program Files\Intel\Intel(R) Management Engine Components\DAL;C:\Program Files (x86)\Intel\Intel(R) Management Engine Components\IPT;C:\Program Files\Intel\Intel(R) Management Engine Components\IPT;C:\WINDOWS\System32\OpenSSH\;C:\Program Files\MATLAB\R2018a\bin;C:\Program Files\PuTTY\;C:\Users\clara\AppData\Local\Programs\Python\Python36-32\Scripts\;C:\Users\clara\AppData\Local\Programs\Python\Python36-32\;C:\Users\clara\AppData\Local\Microsoft\WindowsApps;C:\Program Files\Microsoft VS Code\bin;C:\Users\clara\AppData\Local\Programs\Python\Python36-32;
USERNAME=clara
OS=Windows_NT
PROCESSOR_IDENTIFIER=Intel64 Family 6 Model 142 Stepping 10, GenuineIntel



---------------  S Y S T E M  ---------------

OS: Windows 10 , 64 bit Build 17134 (10.0.17134.1)

CPU:total 8 (initial active 8) (4 cores per cpu, 2 threads per core) family 6 model 142 stepping 10, cmov, cx8, fxsr, mmx, sse, sse2, sse3, ssse3, sse4.1, sse4.2, popcnt, avx, avx2, aes, clmul, erms, 3dnowpref, lzcnt, ht, tsc, tscinvbit, bmi1, bmi2, adx, fma

Memory: 4k page, physical 8200076k(3012016k free), swap 11870092k(2696672k free)

vm_info: Java HotSpot(TM) 64-Bit Server VM (9.0.4+11) for windows-amd64 JRE (9.0.4+11), built on Dec 20 2017 02:18:54 by "mach5one" with MS VC++ 12.0 (VS2013)

END.
